*** Starting uWSGI 2.0.20 (32bit) on [Wed Oct 26 15:57:05 2022] ***
compiled with version: 8.3.0 on 06 October 2021 05:59:48
os: Linux-5.10.103-v7l+ #1529 SMP Tue Mar 8 12:24:00 GMT 2022
nodename: raspberrypi
machine: armv7l
clock source: unix
pcre jit disabled
detected number of CPU cores: 4
current working directory: /home/michael/myungsang/Raspberry-Projects/home_cctv
detected binary path: /home/michael/.local/bin/uwsgi
your processes number limit is 28133
your memory page size is 4096 bytes
detected max file descriptor number: 1024
lock engine: pthread robust mutexes
thunder lock: disabled (you can enable it with --thunder-lock)
uwsgi socket 0 bound to UNIX address /home/michael/myungsang/Raspberry-Projects/home_cctv/raspi_web.sock fd 3
Python version: 3.7.3 (default, Jan 22 2021, 20:04:44)  [GCC 8.3.0]
*** Python threads support is disabled. You can enable it with --enable-threads ***
Python main interpreter initialized at 0x1ad0d48
your server socket listen backlog is limited to 100 connections
your mercy for graceful operations on workers is 60 seconds
mapped 128816 bytes (125 KB) for 1 cores
*** Operational MODE: single process ***
WSGI app 0 (mountpoint='') ready in 3 seconds on interpreter 0x1ad0d48 pid: 4334 (default app)
*** uWSGI is running in multiple interpreter mode ***
spawned uWSGI master process (pid: 4334)
spawned uWSGI worker 1 (pid: 4337, cores: 1)
[pid: 4337|app: 0|req: 1/1] 127.0.0.1 () {58 vars in 1044 bytes} [Wed Oct 26 16:00:40 2022] GET / => generated 278 bytes in 36 msecs (HTTP/1.1 200) 2 headers in 80 bytes (1 switches on core 0)
[pid: 4337|app: 0|req: 2/2] 127.0.0.1 () {54 vars in 974 bytes} [Wed Oct 26 16:00:42 2022] GET /get_cam => generated 285 bytes in 14 msecs (HTTP/1.1 200) 2 headers in 80 bytes (1 switches on core 0)
Wed Oct 26 16:00:59 2022 - SIGPIPE: writing to a closed pipe/socket/fd (probably the client disconnected) on request /video_feed (ip 127.0.0.1) !!!
Wed Oct 26 16:00:59 2022 - uwsgi_response_write_body_do(): Broken pipe [core/writer.c line 429] during GET /video_feed (127.0.0.1)
OSError: write error
*** Starting uWSGI 2.0.20 (32bit) on [Wed Oct 26 16:04:13 2022] ***
compiled with version: 8.3.0 on 06 October 2021 05:59:48
os: Linux-5.10.103-v7l+ #1529 SMP Tue Mar 8 12:24:00 GMT 2022
nodename: raspberrypi
machine: armv7l
clock source: unix
pcre jit disabled
detected number of CPU cores: 4
current working directory: /home/michael/myungsang/Raspberry-Projects/home_cctv
detected binary path: /home/michael/.local/bin/uwsgi
your processes number limit is 28133
your memory page size is 4096 bytes
detected max file descriptor number: 1024
lock engine: pthread robust mutexes
thunder lock: disabled (you can enable it with --thunder-lock)
uwsgi socket 0 bound to UNIX address /home/michael/myungsang/Raspberry-Projects/home_cctv/raspi_web.sock fd 3
Python version: 3.7.3 (default, Jan 22 2021, 20:04:44)  [GCC 8.3.0]
*** Python threads support is disabled. You can enable it with --enable-threads ***
Python main interpreter initialized at 0x11c7d48
your server socket listen backlog is limited to 100 connections
your mercy for graceful operations on workers is 60 seconds
mapped 128816 bytes (125 KB) for 1 cores
*** Operational MODE: single process ***
WSGI app 0 (mountpoint='') ready in 3 seconds on interpreter 0x11c7d48 pid: 5577 (default app)
*** uWSGI is running in multiple interpreter mode ***
spawned uWSGI master process (pid: 5577)
spawned uWSGI worker 1 (pid: 5580, cores: 1)
[pid: 5580|app: 0|req: 1/1] 127.0.0.1 () {54 vars in 951 bytes} [Wed Oct 26 16:04:28 2022] GET / => generated 278 bytes in 34 msecs (HTTP/1.1 200) 2 headers in 80 bytes (1 switches on core 0)
[pid: 5580|app: 0|req: 2/2] 127.0.0.1 () {54 vars in 900 bytes} [Wed Oct 26 16:04:29 2022] GET /favicon.ico => generated 233 bytes in 24 msecs (HTTP/1.1 404) 2 headers in 72 bytes (1 switches on core 0)
[pid: 5580|app: 0|req: 3/3] 127.0.0.1 () {54 vars in 974 bytes} [Wed Oct 26 16:04:30 2022] GET /get_cam => generated 285 bytes in 8 msecs (HTTP/1.1 200) 2 headers in 80 bytes (1 switches on core 0)
Wed Oct 26 16:04:35 2022 - SIGPIPE: writing to a closed pipe/socket/fd (probably the client disconnected) on request /video_feed (ip 127.0.0.1) !!!
Wed Oct 26 16:04:35 2022 - uwsgi_response_write_body_do(): Broken pipe [core/writer.c line 429] during GET /video_feed (127.0.0.1)
OSError: write error
*** Starting uWSGI 2.0.20 (32bit) on [Wed Oct 26 16:05:48 2022] ***
compiled with version: 8.3.0 on 06 October 2021 05:59:48
os: Linux-5.10.103-v7l+ #1529 SMP Tue Mar 8 12:24:00 GMT 2022
nodename: raspberrypi
machine: armv7l
clock source: unix
pcre jit disabled
detected number of CPU cores: 4
current working directory: /home/michael/myungsang/Raspberry-Projects/home_cctv
detected binary path: /home/michael/.local/bin/uwsgi
your processes number limit is 28133
your memory page size is 4096 bytes
detected max file descriptor number: 1024
lock engine: pthread robust mutexes
thunder lock: disabled (you can enable it with --thunder-lock)
uwsgi socket 0 bound to UNIX address /home/michael/myungsang/Raspberry-Projects/home_cctv/raspi_web.sock fd 3
Python version: 3.7.3 (default, Jan 22 2021, 20:04:44)  [GCC 8.3.0]
*** Python threads support is disabled. You can enable it with --enable-threads ***
Python main interpreter initialized at 0x2002d30
your server socket listen backlog is limited to 100 connections
your mercy for graceful operations on workers is 60 seconds
mapped 128816 bytes (125 KB) for 1 cores
*** Operational MODE: single process ***
WSGI app 0 (mountpoint='') ready in 4 seconds on interpreter 0x2002d30 pid: 5732 (default app)
*** uWSGI is running in multiple interpreter mode ***
spawned uWSGI master process (pid: 5732)
spawned uWSGI worker 1 (pid: 5735, cores: 1)
[pid: 5735|app: 0|req: 1/1] 127.0.0.1 () {54 vars in 951 bytes} [Wed Oct 26 16:05:57 2022] GET / => generated 278 bytes in 35 msecs (HTTP/1.1 200) 2 headers in 80 bytes (1 switches on core 0)
[pid: 5735|app: 0|req: 2/2] 127.0.0.1 () {54 vars in 974 bytes} [Wed Oct 26 16:06:00 2022] GET /get_cam => generated 285 bytes in 6 msecs (HTTP/1.1 200) 2 headers in 80 bytes (1 switches on core 0)
Wed Oct 26 16:06:22 2022 - SIGPIPE: writing to a closed pipe/socket/fd (probably the client disconnected) on request /video_feed (ip 127.0.0.1) !!!
Wed Oct 26 16:06:22 2022 - uwsgi_response_write_body_do(): Broken pipe [core/writer.c line 429] during GET /video_feed (127.0.0.1)
OSError: write error
